=== puma startup: 2017-10-01 18:29:05 -0500 ===
[62046] * Starting control server on unix:///var/folders/xt/htqfz2g53ss37_n6xcs74sdc0000gn/T/puma-status-1506900545074-62046
[62046] - Worker 1 (pid: 62048) booted, phase: 0
[62046] - Worker 0 (pid: 62047) booted, phase: 0


Started GET "/api/v1/exercises/progress/" for ::1 at 2017-10-01 18:29:17 -0500
  [1m[36mActiveRecord::SchemaMigration Load (0.8ms)[0m  [1mSELECT "schema_migrations".* FROM "schema_migrations"[0m
Processing by Api::V1::ExercisesController#progress as HTML
  [1m[35m (1.9ms)[0m  SELECT COUNT(*) FROM "exercises" INNER JOIN "answers" ON "answers"."id" = "exercises"."answer_id"
  [1m[36m (0.6ms)[0m  [1mSELECT COUNT(*) FROM "exercises" INNER JOIN "answers" ON "answers"."id" = "exercises"."answer_id" WHERE "answers"."accurate" = 'true'[0m
[active_model_serializers] Rendered ActiveModel::Serializer::Null with Hash (0.27ms)
Completed 200 OK in 71ms (Views: 14.6ms | ActiveRecord: 8.5ms)


Started GET "/api/v1/exercises/progress/" for ::1 at 2017-10-01 18:29:19 -0500
Processing by Api::V1::ExercisesController#progress as HTML
  [1m[35m (0.7ms)[0m  SELECT COUNT(*) FROM "exercises" INNER JOIN "answers" ON "answers"."id" = "exercises"."answer_id"
  [1m[36m (0.6ms)[0m  [1mSELECT COUNT(*) FROM "exercises" INNER JOIN "answers" ON "answers"."id" = "exercises"."answer_id" WHERE "answers"."accurate" = 'true'[0m
[active_model_serializers] Rendered ActiveModel::Serializer::Null with Hash (0.12ms)
Completed 200 OK in 5ms (Views: 0.7ms | ActiveRecord: 1.3ms)
[62046] - Gracefully shutting down workers...
[62046] === puma shutdown: 2017-10-01 18:31:35 -0500 ===
[62046] - Goodbye!
Exiting
=== puma startup: 2017-10-01 18:31:40 -0500 ===
[62467] * Starting control server on unix:///var/folders/xt/htqfz2g53ss37_n6xcs74sdc0000gn/T/puma-status-1506900700437-62467
[62467] - Worker 1 (pid: 62469) booted, phase: 0
[62467] - Worker 0 (pid: 62468) booted, phase: 0
